[2025-12-31T18:16:13.840Z INFO  rmpcd] Found cookie file at "/home/phucdnt/.config/rmpc/cookie.txt"
[2025-12-31T18:16:13.840Z INFO  rmpcd] Starting YouTube daemon at "/tmp/yrmpc-yt.sock"
[2025-12-31T18:16:13.840Z INFO  rmpcd] Using cookies from "/home/phucdnt/.config/rmpc/cookie.txt"
[2025-12-31T18:16:13.840Z INFO  rmpcd] Using stream extractor: Ytx
[2025-12-31T18:16:13.840Z TRACE mio::poll] registering event source with poller: token=Token(1), interests=READABLE
[2025-12-31T18:16:13.841Z DEBUG rmpc::backends::youtube::api] Parsed 21 cookies
[2025-12-31T18:16:13.865Z DEBUG reqwest::connect] starting new connection: https://music.youtube.com/
[2025-12-31T18:16:13.883Z TRACE mio::poll] registering event source with poller: token=Token(94745286692992), interests=READABLE | WRITABLE
[2025-12-31T18:16:14.030Z TRACE reqwest::retry] shouldn't retry!
[2025-12-31T18:16:14.633Z INFO  rmpc::backends::youtube::api] YouTube API initialized with cookies
[2025-12-31T18:16:14.633Z INFO  rmpc::backends::youtube::services::playback_service] Checking for existing MPV at socket: /tmp/yrmpc-yt.mpv.sock
[2025-12-31T18:16:14.633Z INFO  rmpc::backends::youtube::services::playback_service] Socket file exists, attempting connection...
[2025-12-31T18:16:14.633Z INFO  rmpc::backends::youtube::services::playback_service] ✓ Connected to EXISTING MPV at /tmp/yrmpc-yt.mpv.sock (reusing process)
[2025-12-31T18:16:14.633Z WARN  rmpc::backends::youtube::services::playback_service] ⚠ Note: MPV may have old playlist state from previous session
[2025-12-31T18:16:14.634Z TRACE reqwest::blocking::wait] (ThreadId(1)) park without timeout
[2025-12-31T18:16:14.634Z TRACE mio::poll] registering event source with poller: token=Token(1), interests=READABLE
[2025-12-31T18:16:14.634Z TRACE reqwest::blocking::client] (ThreadId(11)) start runtime::block_on
[2025-12-31T18:16:14.651Z DEBUG rmpc::backends::youtube::audio_cache] Loaded 0 entries from audio cache
[2025-12-31T18:16:14.651Z INFO  rmpc::backends::youtube::services::playback_service] Audio cache initialized: "/home/phucdnt/.cache/rmpc/audio"
[2025-12-31T18:16:14.651Z INFO  rmpcd] YouTube daemon ready, entering event loop...
[2025-12-31T18:16:14.651Z INFO  rmpc::backends::youtube::server] YouTube server listening on /tmp/yrmpc-yt.sock
[2025-12-31T18:16:14.651Z INFO  rmpc::backends::youtube::services::playback_service] MPV property observation set up
[2025-12-31T18:16:14.651Z INFO  rmpc::backends::youtube::services::playback_service] MPV event loop started
[2025-12-31T18:16:14.651Z INFO  rmpc::backends::youtube::server] Internal event processor started
[2025-12-31T18:16:18.106Z TRACE rmpc::backends::youtube::protocol::framing] framing::read_message - reading length bytes
[2025-12-31T18:16:18.118Z TRACE rmpc::backends::youtube::protocol::framing] framing::read_message - message length: 11 bytes
[2025-12-31T18:16:18.118Z TRACE rmpc::backends::youtube::protocol::framing] framing::read_message - read 11 bytes, deserializing
[2025-12-31T18:16:18.118Z TRACE rmpc::backends::youtube::server] Received command: Discriminant(19)
[2025-12-31T18:16:18.119Z TRACE rmpc::backends::youtube::server] Sending response: Discriminant(2)
[2025-12-31T18:16:18.119Z TRACE rmpc::backends::youtube::protocol::framing] framing::write_message - serialized 159 bytes
[2025-12-31T18:16:18.119Z TRACE rmpc::backends::youtube::protocol::framing] framing::write_message - flushed successfully
[2025-12-31T18:16:18.119Z TRACE rmpc::backends::youtube::protocol::framing] framing::read_message - reading length bytes
[2025-12-31T18:16:18.120Z TRACE rmpc::backends::youtube::protocol::framing] framing::read_message - message length: 13 bytes
[2025-12-31T18:16:18.120Z TRACE rmpc::backends::youtube::protocol::framing] framing::read_message - read 13 bytes, deserializing
[2025-12-31T18:16:18.120Z TRACE rmpc::backends::youtube::server] Received command: Discriminant(21)
[2025-12-31T18:16:18.120Z TRACE rmpc::backends::youtube::server] Sending response: Discriminant(4)
[2025-12-31T18:16:18.120Z TRACE rmpc::backends::youtube::protocol::framing] framing::write_message - serialized 15 bytes
[2025-12-31T18:16:18.121Z TRACE rmpc::backends::youtube::protocol::framing] framing::write_message - flushed successfully
[2025-12-31T18:16:18.121Z TRACE rmpc::backends::youtube::protocol::framing] framing::read_message - reading length bytes
[2025-12-31T18:16:21.747Z TRACE rmpc::backends::youtube::protocol::framing] framing::read_message - message length: 39 bytes
[2025-12-31T18:16:21.747Z TRACE rmpc::backends::youtube::protocol::framing] framing::read_message - read 39 bytes, deserializing
[2025-12-31T18:16:21.747Z TRACE rmpc::backends::youtube::server] Received command: Discriminant(24)
[2025-12-31T18:16:21.747Z DEBUG rmpc::backends::youtube::api] YouTube API: get_suggestions(query='ki')
[2025-12-31T18:16:21.822Z TRACE reqwest::retry] shouldn't retry!
[2025-12-31T18:16:21.825Z DEBUG rmpc::backends::youtube::api] get_suggestions returned 6 suggestions
[2025-12-31T18:16:21.825Z TRACE rmpc::backends::youtube::server] Sending response: Discriminant(8)
[2025-12-31T18:16:21.825Z TRACE rmpc::backends::youtube::protocol::framing] framing::write_message - serialized 151 bytes
[2025-12-31T18:16:21.825Z TRACE rmpc::backends::youtube::protocol::framing] framing::write_message - flushed successfully
[2025-12-31T18:16:21.825Z TRACE rmpc::backends::youtube::protocol::framing] framing::read_message - reading length bytes
[2025-12-31T18:16:21.926Z TRACE rmpc::backends::youtube::protocol::framing] framing::read_message - message length: 40 bytes
[2025-12-31T18:16:21.926Z TRACE rmpc::backends::youtube::protocol::framing] framing::read_message - read 40 bytes, deserializing
[2025-12-31T18:16:21.926Z TRACE rmpc::backends::youtube::server] Received command: Discriminant(24)
[2025-12-31T18:16:21.926Z DEBUG rmpc::backends::youtube::api] YouTube API: get_suggestions(query='kim')
[2025-12-31T18:16:22.011Z TRACE reqwest::retry] shouldn't retry!
[2025-12-31T18:16:22.015Z DEBUG rmpc::backends::youtube::api] get_suggestions returned 6 suggestions
[2025-12-31T18:16:22.015Z TRACE rmpc::backends::youtube::server] Sending response: Discriminant(8)
[2025-12-31T18:16:22.015Z TRACE rmpc::backends::youtube::protocol::framing] framing::write_message - serialized 102 bytes
[2025-12-31T18:16:22.015Z TRACE rmpc::backends::youtube::protocol::framing] framing::write_message - flushed successfully
[2025-12-31T18:16:22.015Z TRACE rmpc::backends::youtube::protocol::framing] framing::read_message - reading length bytes
[2025-12-31T18:16:22.216Z TRACE rmpc::backends::youtube::protocol::framing] framing::read_message - message length: 42 bytes
[2025-12-31T18:16:22.217Z TRACE rmpc::backends::youtube::protocol::framing] framing::read_message - read 42 bytes, deserializing
[2025-12-31T18:16:22.217Z TRACE rmpc::backends::youtube::server] Received command: Discriminant(24)
[2025-12-31T18:16:22.217Z DEBUG rmpc::backends::youtube::api] YouTube API: get_suggestions(query='kim l')
[2025-12-31T18:16:22.309Z TRACE reqwest::retry] shouldn't retry!
[2025-12-31T18:16:22.312Z DEBUG rmpc::backends::youtube::api] get_suggestions returned 6 suggestions
[2025-12-31T18:16:22.312Z TRACE rmpc::backends::youtube::server] Sending response: Discriminant(8)
[2025-12-31T18:16:22.312Z TRACE rmpc::backends::youtube::protocol::framing] framing::write_message - serialized 91 bytes
[2025-12-31T18:16:22.312Z TRACE rmpc::backends::youtube::protocol::framing] framing::write_message - flushed successfully
[2025-12-31T18:16:22.312Z TRACE rmpc::backends::youtube::protocol::framing] framing::read_message - reading length bytes
[2025-12-31T18:16:22.413Z TRACE rmpc::backends::youtube::protocol::framing] framing::read_message - message length: 43 bytes
[2025-12-31T18:16:22.413Z TRACE rmpc::backends::youtube::protocol::framing] framing::read_message - read 43 bytes, deserializing
[2025-12-31T18:16:22.413Z TRACE rmpc::backends::youtube::server] Received command: Discriminant(24)
[2025-12-31T18:16:22.413Z DEBUG rmpc::backends::youtube::api] YouTube API: get_suggestions(query='kim lo')
[2025-12-31T18:16:22.491Z TRACE reqwest::retry] shouldn't retry!
[2025-12-31T18:16:22.493Z DEBUG rmpc::backends::youtube::api] get_suggestions returned 6 suggestions
[2025-12-31T18:16:22.493Z TRACE rmpc::backends::youtube::server] Sending response: Discriminant(8)
[2025-12-31T18:16:22.493Z TRACE rmpc::backends::youtube::protocol::framing] framing::write_message - serialized 118 bytes
[2025-12-31T18:16:22.493Z TRACE rmpc::backends::youtube::protocol::framing] framing::write_message - flushed successfully
[2025-12-31T18:16:22.493Z TRACE rmpc::backends::youtube::protocol::framing] framing::read_message - reading length bytes
[2025-12-31T18:16:22.594Z TRACE rmpc::backends::youtube::protocol::framing] framing::read_message - message length: 45 bytes
[2025-12-31T18:16:22.595Z TRACE rmpc::backends::youtube::protocol::framing] framing::read_message - read 45 bytes, deserializing
[2025-12-31T18:16:22.595Z TRACE rmpc::backends::youtube::server] Received command: Discriminant(24)
[2025-12-31T18:16:22.595Z DEBUG rmpc::backends::youtube::api] YouTube API: get_suggestions(query='kim long')
[2025-12-31T18:16:22.676Z TRACE reqwest::retry] shouldn't retry!
[2025-12-31T18:16:22.679Z DEBUG rmpc::backends::youtube::api] get_suggestions returned 6 suggestions
[2025-12-31T18:16:22.679Z TRACE rmpc::backends::youtube::server] Sending response: Discriminant(8)
[2025-12-31T18:16:22.679Z TRACE rmpc::backends::youtube::protocol::framing] framing::write_message - serialized 135 bytes
[2025-12-31T18:16:22.679Z TRACE rmpc::backends::youtube::protocol::framing] framing::write_message - flushed successfully
[2025-12-31T18:16:22.679Z TRACE rmpc::backends::youtube::protocol::framing] framing::read_message - reading length bytes
[2025-12-31T18:16:22.881Z TRACE rmpc::backends::youtube::protocol::framing] framing::read_message - message length: 31 bytes
[2025-12-31T18:16:22.881Z TRACE rmpc::backends::youtube::protocol::framing] framing::read_message - read 31 bytes, deserializing
[2025-12-31T18:16:22.881Z TRACE rmpc::backends::youtube::server] Received command: Discriminant(22)
[2025-12-31T18:16:22.881Z DEBUG rmpc::backends::youtube::api] YouTube API: search_items(query='kim long', raw='kim long')
[2025-12-31T18:16:23.300Z TRACE reqwest::retry] shouldn't retry!
[2025-12-31T18:16:23.311Z INFO  rmpc::backends::youtube::api] search_items: 4 top_results found for 'kim long'
[2025-12-31T18:16:23.311Z DEBUG rmpc::backends::youtube::api]   TopResult[0]: name='KIMLONG', type=Some(Artist), video_id=None, browse_id=None, byline=None, artist=None
[2025-12-31T18:16:23.311Z DEBUG rmpc::backends::youtube::api]   TopResult[1]: name='2020', type=None, video_id=Some("UqD3Xj-DVS4"), browse_id=None, byline=None, artist=Some("KIMLONG")
[2025-12-31T18:16:23.311Z DEBUG rmpc::backends::youtube::api]   TopResult[2]: name='ngày dài vắng em', type=None, video_id=Some("lHE293HQTng"), browse_id=None, byline=None, artist=Some("KIMLONG")
[2025-12-31T18:16:23.311Z DEBUG rmpc::backends::youtube::api]   TopResult[3]: name='Let Me Go (55 Radar)', type=None, video_id=Some("fxQPIZboXjI"), browse_id=None, byline=None, artist=Some("KIMLONG")
[2025-12-31T18:16:23.311Z INFO  rmpc::backends::youtube::api] search_items returned 21 items in 5 sections for 'kim long'
[2025-12-31T18:16:23.311Z TRACE rmpc::backends::youtube::server::handlers::search] [DIAG-IMG] handle_search: item 'KIMLONG' thumbnail=Some("https://lh3.googleusercontent.com/a-/ALV-UjVs84esx0MOePd4GA9M41ee2HUSsPF8gbq9tY7DTQojbMD7t10=w120-h120-l90-rj")
[2025-12-31T18:16:23.311Z TRACE rmpc::backends::youtube::server::handlers::search] [DIAG-IMG] handle_search: item '2020' thumbnail=Some("https://lh3.googleusercontent.com/mOIbZzVCJKWnVIcmscIp_5-s9bsNt3U3AthRsUU1Ez4QBL1qxsZkacMiS0icHlGVpCfObmdX5904LhY=w120-h120-l90-rj")
[2025-12-31T18:16:23.311Z TRACE rmpc::backends::youtube::server::handlers::search] [DIAG-IMG] handle_search: item 'ngày dài vắng em' thumbnail=Some("https://lh3.googleusercontent.com/mOIbZzVCJKWnVIcmscIp_5-s9bsNt3U3AthRsUU1Ez4QBL1qxsZkacMiS0icHlGVpCfObmdX5904LhY=w120-h120-l90-rj")
[2025-12-31T18:16:23.311Z TRACE rmpc::backends::youtube::server::handlers::search] [DIAG-IMG] handle_search: item 'Let Me Go (55 Radar)' thumbnail=Some("https://lh3.googleusercontent.com/c4fxRVzL5MWxwFbuMjPvmSd_noLTOrwwXnFn25209eU7Dohw1X92gMs3rZy9chkPP0jvq1WwCHlq-rs_Dw=w120-h120-l90-rj")
[2025-12-31T18:16:23.312Z TRACE rmpc::backends::youtube::server::handlers::search] [DIAG-IMG] handle_search: item 'Kim Long' thumbnail=Some("https://lh3.googleusercontent.com/_SjhskE_XUC_zypGQmm8VV8NX0kwW1rV8jGdIn44ma3hM5t_HWRjxO9IXZh8JFLaQ_ssUmCsdREW13bA=w120-h120-l90-rj")
[2025-12-31T18:16:23.312Z TRACE rmpc::backends::youtube::server::handlers::search] [DIAG-IMG] handle_search: item 'Hoàng Kim Long' thumbnail=Some("https://lh3.googleusercontent.com/3XBDkn_ZrWFOA9MpjqBIwesI1KfH3IP5DDQigsiFivUROeSAgHDGJ-q1HpyClQuPva_mJ3PVrJ8MQLaxwQ=w120-h120-l90-rj")
[2025-12-31T18:16:23.312Z TRACE rmpc::backends::youtube::server::handlers::search] [DIAG-IMG] handle_search: item 'Lê Kim Long' thumbnail=Some("https://lh3.googleusercontent.com/36K7CCBGy8l3z-bo7iEoOtxoJV6LFF_zM2EcnviBmZcqtMNFgg8m4CkUX3EZb306S4ahDTZkUPT_xaATiQ=w120-h120-l90-rj")
[2025-12-31T18:16:23.312Z TRACE rmpc::backends::youtube::server::handlers::search] [DIAG-IMG] handle_search: item 'Hoàng Kim Long Liveshow' thumbnail=Some("https://lh3.googleusercontent.com/ofGwyR6f57GsSR7rHG07KvvaSyO9m-zyZacvlz0U2z-M-z0Z-0AigcChVAeaqp9Wl249ZpubTsyer3Ue=w544-h544-l90-rj")
[2025-12-31T18:16:23.312Z TRACE rmpc::backends::youtube::server::handlers::search] [DIAG-IMG] handle_search: item 'Liveshow Hoàng Kim Long' thumbnail=Some("https://lh3.googleusercontent.com/THNW6-cennfhczfNL4j44jxF1FQSo-J2F11cAjaOZ1JVOCLkNLXMNUIUAs-FiPoiT74yxOME68wOEZw=w544-h544-l90-rj")
[2025-12-31T18:16:23.312Z TRACE rmpc::backends::youtube::server::handlers::search] [DIAG-IMG] handle_search: item 'Tuyển Tập Song Ca 1' thumbnail=Some("https://lh3.googleusercontent.com/sBE_uK4VRCuMGyhnneA6V-RS6iEhPutFmfAv9hdxLSvUMXlXMBBqQtFkpDQUiyoc5W7RWbZYIdPf_udiMQ=w544-h544-l90-rj")
[2025-12-31T18:16:23.312Z TRACE rmpc::backends::youtube::server::handlers::search] [DIAG-IMG] handle_search: item 'nói anh nghe' thumbnail=Some("https://lh3.googleusercontent.com/mOIbZzVCJKWnVIcmscIp_5-s9bsNt3U3AthRsUU1Ez4QBL1qxsZkacMiS0icHlGVpCfObmdX5904LhY=w120-h120-l90-rj")
[2025-12-31T18:16:23.312Z TRACE rmpc::backends::youtube::server::handlers::search] [DIAG-IMG] handle_search: item 'là do anh sai' thumbnail=Some("https://lh3.googleusercontent.com/mOIbZzVCJKWnVIcmscIp_5-s9bsNt3U3AthRsUU1Ez4QBL1qxsZkacMiS0icHlGVpCfObmdX5904LhY=w120-h120-l90-rj")
[2025-12-31T18:16:23.312Z TRACE rmpc::backends::youtube::server::handlers::search] [DIAG-IMG] handle_search: item 'KIMLONG - bittersweet | Dark side of an angel & Bright side of an evil (17-minute Music Video)' thumbnail=Some("https://i.ytimg.com/vi/yXqGnqnvGmM/sddefault.jpg?sqp=-oaymwEWCJADEOEBIAQqCghqEJQEGHgg6AJIWg&rs=AMzJL3nsR-wRbItMNc2BfDbmVwqcf8V2Ng")
[2025-12-31T18:16:23.312Z TRACE rmpc::backends::youtube::server::handlers::search] [DIAG-IMG] handle_search: item 'dayandnight' thumbnail=Some("https://lh3.googleusercontent.com/mOIbZzVCJKWnVIcmscIp_5-s9bsNt3U3AthRsUU1Ez4QBL1qxsZkacMiS0icHlGVpCfObmdX5904LhY=w120-h120-l90-rj")
[2025-12-31T18:16:23.312Z TRACE rmpc::backends::youtube::server::handlers::search] [DIAG-IMG] handle_search: item 'KIMLONG - LET ME GO (Official MV)' thumbnail=Some("https://i.ytimg.com/vi/o0AvwkjeA7E/sddefault.jpg?sqp=-oaymwEWCJADEOEBIAQqCghqEJQEGHgg6AJIWg&rs=AMzJL3mKFu562ATNWNmlHZtbQpUplJHDZQ")
[2025-12-31T18:16:23.313Z TRACE rmpc::backends::youtube::server::handlers::search] [DIAG-IMG] handle_search: item 'Tình Cờ (feat. CHARLES., Brown, Duy Sơn & KIMLONG)' thumbnail=Some("https://lh3.googleusercontent.com/pu4y4WKtqKV-jRF6ndtV73OtpNhelGMxXB-k4X4d5Haks6IQsSr7nIi89-gTYSYKUWVeGCGh6G0NW3U=w120-h120-l90-rj")
[2025-12-31T18:16:23.313Z TRACE rmpc::backends::youtube::server::handlers::search] [DIAG-IMG] handle_search: item 'Chẳng Là Gì Của Nhau' thumbnail=Some("https://lh3.googleusercontent.com/gekUeJhgN8WYEzt5gY-MiL7K-HdmEFYhp-n-1zWlXA14roYI1f67KpePGZCU5F4YR4j57g3H5gC7IWve=w120-h120-l90-rj")
[2025-12-31T18:16:23.313Z TRACE rmpc::backends::youtube::server::handlers::search] [DIAG-IMG] handle_search: item 'KIMLONG - Dark side of an angel | bitter (Official Music Video)' thumbnail=Some("https://i.ytimg.com/vi/AaWdCD8CJxc/sddefault.jpg?sqp=-oaymwEWCJADEOEBIAQqCghqEJQEGHgg6AJIWg&rs=AMzJL3kas6mlDN1i-hDMAN4dsFgI1nfAcA")
[2025-12-31T18:16:23.313Z TRACE rmpc::backends::youtube::server::handlers::search] [DIAG-IMG] handle_search: item 'Bộ Nhạc Của Cha Kim Long.' thumbnail=Some("https://i.ytimg.com/vi/4VtPSn6msi8/hq720.jpg?sqp=-oaymwEXCNUGEOADIAQqCwjVARCqCBh4INgESFo&rs=AMzJL3mJ_2SqcTGPoM3erkkP7g5zCDiJTw")
[2025-12-31T18:16:23.313Z TRACE rmpc::backends::youtube::server::handlers::search] [DIAG-IMG] handle_search: item 'Sumandak kim long' thumbnail=Some("https://yt3.ggpht.com/WyZ3dFUWsg6Om1tXQ2m7XbwkW2uV3gVXspUmeL8DF_baW5QEDvtXY-0ugru4PRAqGwPIQKss1w=s1200")
[2025-12-31T18:16:23.313Z TRACE rmpc::backends::youtube::server::handlers::search] [DIAG-IMG] handle_search: item 'Kim long' thumbnail=Some("https://yt3.googleusercontent.com/9HkUbxsfSnJMFOUJONelpFaa7JX4ahIJJGtmAxj3p9dmWuHevHbQEfb4x4AGtcOeZ4C_JMYVAOs=s1200")
[2025-12-31T18:16:23.313Z TRACE rmpc::backends::youtube::server::handlers::search] [DIAG-IMG] handle_search: first converted item = Artist(BrowsableData { browse_id: None, browse_path: "artist:KIMLONG", title: "KIMLONG", subtitle: Some("5.05K subscribers"), thumbnail: Some("https://lh3.googleusercontent.com/a-/ALV-UjVs84esx0MOePd4GA9M41ee2HUSsPF8gbq9tY7DTQojbMD7t10=w120-h120-l90-rj"), can_queue: false })
[2025-12-31T18:16:23.313Z TRACE rmpc::backends::youtube::server] Sending response: Discriminant(5)
[2025-12-31T18:16:23.314Z TRACE rmpc::backends::youtube::protocol::framing] framing::write_message - serialized 6312 bytes
[2025-12-31T18:16:23.314Z TRACE rmpc::backends::youtube::protocol::framing] framing::write_message - flushed successfully
[2025-12-31T18:16:23.314Z TRACE rmpc::backends::youtube::protocol::framing] framing::read_message - reading length bytes
[2025-12-31T18:16:23.415Z TRACE rmpc::backends::youtube::protocol::framing] framing::read_message - message length: 11 bytes
[2025-12-31T18:16:23.415Z TRACE rmpc::backends::youtube::protocol::framing] framing::read_message - read 11 bytes, deserializing
[2025-12-31T18:16:23.415Z TRACE rmpc::backends::youtube::server] Received command: Discriminant(19)
[2025-12-31T18:16:23.416Z TRACE rmpc::backends::youtube::server] Sending response: Discriminant(2)
[2025-12-31T18:16:23.416Z TRACE rmpc::backends::youtube::protocol::framing] framing::write_message - serialized 159 bytes
[2025-12-31T18:16:23.416Z TRACE rmpc::backends::youtube::protocol::framing] framing::write_message - flushed successfully
[2025-12-31T18:16:23.416Z TRACE rmpc::backends::youtube::protocol::framing] framing::read_message - reading length bytes
[2025-12-31T18:16:27.858Z TRACE rmpc::backends::youtube::server] Client disconnected: Failed to read message length
